{"total": {"lines":{"total":268,"covered":148,"skipped":0,"pct":55.22},"statements":{"total":274,"covered":151,"skipped":0,"pct":55.1},"functions":{"total":69,"covered":38,"skipped":0,"pct":55.07},"branches":{"total":150,"covered":80,"skipped":0,"pct":53.33},"branchesTrue":{"total":0,"covered":0,"skipped":0,"pct":100}}
,"/home/runner/work/job-application-tracker/job-application-tracker/src/app/auth/login/page.tsx": {"lines":{"total":31,"covered":20,"skipped":0,"pct":64.51},"functions":{"total":5,"covered":4,"skipped":0,"pct":80},"statements":{"total":31,"covered":20,"skipped":0,"pct":64.51},"branches":{"total":10,"covered":4,"skipped":0,"pct":40}}
,"/home/runner/work/job-application-tracker/job-application-tracker/src/app/auth/signup/page.tsx": {"lines":{"total":39,"covered":10,"skipped":0,"pct":25.64},"functions":{"total":6,"covered":1,"skipped":0,"pct":16.66},"statements":{"total":39,"covered":10,"skipped":0,"pct":25.64},"branches":{"total":18,"covered":3,"skipped":0,"pct":16.66}}
,"/home/runner/work/job-application-tracker/job-application-tracker/src/components/JobCard.tsx": {"lines":{"total":44,"covered":23,"skipped":0,"pct":52.27},"functions":{"total":15,"covered":7,"skipped":0,"pct":46.66},"statements":{"total":44,"covered":23,"skipped":0,"pct":52.27},"branches":{"total":12,"covered":11,"skipped":0,"pct":91.66}}
,"/home/runner/work/job-application-tracker/job-application-tracker/src/components/JobForm.tsx": {"lines":{"total":55,"covered":31,"skipped":0,"pct":56.36},"functions":{"total":13,"covered":8,"skipped":0,"pct":61.53},"statements":{"total":57,"covered":31,"skipped":0,"pct":54.38},"branches":{"total":34,"covered":14,"skipped":0,"pct":41.17}}
,"/home/runner/work/job-application-tracker/job-application-tracker/src/components/JobList.tsx": {"lines":{"total":52,"covered":40,"skipped":0,"pct":76.92},"functions":{"total":18,"covered":11,"skipped":0,"pct":61.11},"statements":{"total":52,"covered":40,"skipped":0,"pct":76.92},"branches":{"total":54,"covered":45,"skipped":0,"pct":83.33}}
,"/home/runner/work/job-application-tracker/job-application-tracker/src/components/JobTracker.tsx": {"lines":{"total":46,"covered":23,"skipped":0,"pct":50},"functions":{"total":11,"covered":6,"skipped":0,"pct":54.54},"statements":{"total":50,"covered":26,"skipped":0,"pct":52},"branches":{"total":22,"covered":3,"skipped":0,"pct":13.63}}
,"/home/runner/work/job-application-tracker/job-application-tracker/src/lib/supabase/client.ts": {"lines":{"total":1,"covered":1,"skipped":0,"pct":100},"functions":{"total":1,"covered":1,"skipped":0,"pct":100},"statements":{"total":1,"covered":1,"skipped":0,"pct":100},"branches":{"total":0,"covered":0,"skipped":0,"pct":100}}
}
