{"total": {"lines":{"total":259,"covered":155,"skipped":0,"pct":59.84},"statements":{"total":265,"covered":159,"skipped":0,"pct":60},"functions":{"total":63,"covered":41,"skipped":0,"pct":65.07},"branches":{"total":136,"covered":67,"skipped":0,"pct":49.26},"branchesTrue":{"total":0,"covered":0,"skipped":0,"pct":100}}
,"/home/runner/work/job-application-tracker/job-application-tracker/src/app/auth/login/page.tsx": {"lines":{"total":31,"covered":20,"skipped":0,"pct":64.51},"functions":{"total":5,"covered":4,"skipped":0,"pct":80},"statements":{"total":31,"covered":20,"skipped":0,"pct":64.51},"branches":{"total":10,"covered":4,"skipped":0,"pct":40}}
,"/home/runner/work/job-application-tracker/job-application-tracker/src/app/auth/signup/page.tsx": {"lines":{"total":39,"covered":10,"skipped":0,"pct":25.64},"functions":{"total":6,"covered":1,"skipped":0,"pct":16.66},"statements":{"total":39,"covered":10,"skipped":0,"pct":25.64},"branches":{"total":18,"covered":3,"skipped":0,"pct":16.66}}
,"/home/runner/work/job-application-tracker/job-application-tracker/src/components/JobCard.tsx": {"lines":{"total":44,"covered":28,"skipped":0,"pct":63.63},"functions":{"total":15,"covered":8,"skipped":0,"pct":53.33},"statements":{"total":44,"covered":28,"skipped":0,"pct":63.63},"branches":{"total":12,"covered":12,"skipped":0,"pct":100}}
,"/home/runner/work/job-application-tracker/job-application-tracker/src/components/JobForm.tsx": {"lines":{"total":55,"covered":31,"skipped":0,"pct":56.36},"functions":{"total":13,"covered":8,"skipped":0,"pct":61.53},"statements":{"total":57,"covered":31,"skipped":0,"pct":54.38},"branches":{"total":34,"covered":14,"skipped":0,"pct":41.17}}
,"/home/runner/work/job-application-tracker/job-application-tracker/src/components/JobList.tsx": {"lines":{"total":43,"covered":35,"skipped":0,"pct":81.39},"functions":{"total":12,"covered":10,"skipped":0,"pct":83.33},"statements":{"total":43,"covered":35,"skipped":0,"pct":81.39},"branches":{"total":40,"covered":29,"skipped":0,"pct":72.5}}
,"/home/runner/work/job-application-tracker/job-application-tracker/src/components/JobTracker.tsx": {"lines":{"total":46,"covered":30,"skipped":0,"pct":65.21},"functions":{"total":11,"covered":9,"skipped":0,"pct":81.81},"statements":{"total":50,"covered":34,"skipped":0,"pct":68},"branches":{"total":22,"covered":5,"skipped":0,"pct":22.72}}
,"/home/runner/work/job-application-tracker/job-application-tracker/src/lib/supabase/client.ts": {"lines":{"total":1,"covered":1,"skipped":0,"pct":100},"functions":{"total":1,"covered":1,"skipped":0,"pct":100},"statements":{"total":1,"covered":1,"skipped":0,"pct":100},"branches":{"total":0,"covered":0,"skipped":0,"pct":100}}
}
